<?xml version="1.0" encoding="UTF-8"?>
<testng-results ignored="0" total="2" passed="2" failed="0" skipped="0">
  <reporter-output>
  </reporter-output>
  <suite started-at="2026-05-09T13:29:43Z" name="Suite" finished-at="2026-05-09T13:29:55Z" duration-ms="12348">
    <groups>
    </groups>
    <test started-at="2026-05-09T13:29:43Z" name="Test" finished-at="2026-05-09T13:29:55Z" duration-ms="12348">
      <class name="com.qa.testcases.Testcases">
        <test-method is-config="true" signature="init()[pri:0, instance:com.qa.testcases.Testcases@6e9175d8]" started-at="2026-05-09T18:59:43Z" name="init" finished-at="2026-05-09T18:59:45Z" duration-ms="1453" status="PASS">
          <reporter-output>
          </reporter-output>
        </test-method> <!-- init -->
        <test-method signature="TC1()[pri:0, instance:com.qa.testcases.Testcases@6e9175d8]" started-at="2026-05-09T18:59:45Z" name="TC1" finished-at="2026-05-09T18:59:55Z" duration-ms="10600" status="PASS">
          <reporter-output>
          </reporter-output>
        </test-method> <!-- TC1 -->
        <test-method signature="TC2()[pri:0, instance:com.qa.testcases.Testcases@6e9175d8]" started-at="2026-05-09T18:59:55Z" name="TC2" finished-at="2026-05-09T18:59:55Z" duration-ms="276" status="PASS">
          <reporter-output>
          </reporter-output>
        </test-method> <!-- TC2 -->
      </class> <!-- com.qa.testcases.Testcases -->
    </test> <!-- Test -->
  </suite> <!-- Suite -->
</testng-results>
